[1m[22m
[1mL A R A V E L  E C H O  S E R V E R[22m
[1m[22m
[36mversion 1.3.9[39m
[36m[39m
[33m⚠ Starting server in DEV mode...[39m
[33m[39m
[32m✔ [39m Running at localhost on port 6001
[32m✔ [39m Channels are ready.
[32m✔ [39m Listening for http events...
[32m✔ [39m Listening for redis events...
[36m[39m
[36mServer ready![39m
[36m[39m
[36m[12:22:06] - vicDhDsVx6trP9-2AAAA authenticated for: private-App.User.48[39m
[36m[12:22:06] - vicDhDsVx6trP9-2AAAA joined channel: private-App.User.48[39m
[36m[12:22:19] - vicDhDsVx6trP9-2AAAA left channel: private-App.User.48 (transport close)[39m
[36m[12:22:26] - D4urNO9PlHmEcJuSAAAB authenticated for: private-App.User.48[39m
[36m[12:22:26] - D4urNO9PlHmEcJuSAAAB joined channel: private-App.User.48[39m
[1m[22m
[1mL A R A V E L  E C H O  S E R V E R[22m
[1m[22m
[36mversion 1.3.9[39m
[36m[39m
[33m⚠ Starting server in DEV mode...[39m
[33m[39m
[32m✔ [39m Running at localhost on port 6001
[32m✔ [39m Channels are ready.
[32m✔ [39m Listening for http events...
[32m✔ [39m Listening for redis events...
[36m[39m
[36mServer ready![39m
[36m[39m
[36m[12:24:05] - rgA9DP5ceIgpHZ08AAAA authenticated for: private-App.User.48[39m
[36m[12:24:05] - rgA9DP5ceIgpHZ08AAAA joined channel: private-App.User.48[39m
